<?xml version="1.0" encoding="UTF-8"?>
<!-- Generated by org.testng.reporters.JUnitReportReporter -->
<testsuite hostname="DESKTOP-BE091M6" failures="0" tests="1" name="com.enertics.testcases.Add_Users_At_Client_Side" time="30.613" errors="0" timestamp="2022-01-31T19:36:24 IST" skipped="0">
  <testcase classname="com.enertics.testcases.Add_Users_At_Client_Side" name="Add_users" time="30.613"/>
  <system-out/>
</testsuite> <!-- com.enertics.testcases.Add_Users_At_Client_Side -->
