<?xml version="1.0" encoding="UTF-8"?>
<!-- Generated by org.testng.reporters.JUnitReportReporter -->
<testsuite hostname="DESKTOP-BE091M6" failures="0" tests="1" name="com.enertics.testcases.Manager_Module" time="11.461" errors="0" timestamp="2022-01-24T16:19:59 IST" skipped="0">
  <testcase classname="com.enertics.testcases.Manager_Module" name="Add_manager" time="11.461"/>
  <system-out/>
</testsuite> <!-- com.enertics.testcases.Manager_Module -->
