<?xml version="1.0" encoding="UTF-8"?>
<!-- Generated by org.testng.reporters.JUnitReportReporter -->
<testsuite hostname="DESKTOP-BE091M6" failures="0" tests="1" name="com.enertics.testcases.Login_Client_Side" time="5.421" errors="0" timestamp="2022-02-11T17:13:00 IST" skipped="0">
  <testcase classname="com.enertics.testcases.Login_Client_Side" name="LoginToClient_Side" time="5.421"/>
  <system-out/>
</testsuite> <!-- com.enertics.testcases.Login_Client_Side -->
