<?xml version="1.0" encoding="UTF-8"?>
<!-- Generated by org.testng.reporters.JUnitReportReporter -->
<testsuite hostname="DESKTOP-BE091M6" failures="0" tests="1" name="com.enertics.testcases.Edit_Manager_Acount" time="18.529" errors="0" timestamp="2022-01-24T16:41:33 IST" skipped="0">
  <testcase classname="com.enertics.testcases.Edit_Manager_Acount" name="edit_manager_account" time="18.529"/>
  <system-out/>
</testsuite> <!-- com.enertics.testcases.Edit_Manager_Acount -->
