<?xml version="1.0" encoding="UTF-8"?>
<!-- Generated by org.testng.reporters.JUnitReportReporter -->
<testsuite hostname="DESKTOP-BE091M6" failures="0" tests="1" name="com.enertics.testcases.Device_Total_Module" time="27.739" errors="0" timestamp="2022-01-24T15:07:59 IST" skipped="0">
  <testcase classname="com.enertics.testcases.Device_Total_Module" name="Device_module_information" time="27.739"/>
  <system-out/>
</testsuite> <!-- com.enertics.testcases.Device_Total_Module -->
