<?xml version="1.0" encoding="UTF-8"?>
<!-- Generated by org.testng.reporters.JUnitReportReporter -->
<testsuite hostname="DESKTOP-BE091M6" failures="0" tests="1" name="com.enertics.testcases.Client_List_At_ManagerAccount" time="24.269" errors="0" timestamp="2022-02-08T12:16:04 IST" skipped="0">
  <testcase classname="com.enertics.testcases.Client_List_At_ManagerAccount" name="client_list_At_ManagerAccount_Side" time="24.269"/>
  <system-out/>
</testsuite> <!-- com.enertics.testcases.Client_List_At_ManagerAccount -->
