<?xml version="1.0" encoding="UTF-8"?>
<!-- Generated by org.testng.reporters.JUnitReportReporter -->
<testsuite hostname="DESKTOP-BE091M6" failures="0" tests="1" name="com.enertics.testcases.Versioning_Module" time="10.416" errors="0" timestamp="2022-01-24T18:13:59 IST" skipped="0">
  <testcase classname="com.enertics.testcases.Versioning_Module" name="Versioning_Info" time="10.416"/>
  <system-out/>
</testsuite> <!-- com.enertics.testcases.Versioning_Module -->
