<?xml version="1.0" encoding="UTF-8"?>
<!-- Generated by org.testng.reporters.JUnitReportReporter -->
<testsuite hostname="DESKTOP-BE091M6" failures="0" tests="1" name="com.enertics.testcases.Sites_Applications_At_Client_Side" time="24.864" errors="0" timestamp="2022-02-03T16:23:18 IST" skipped="0">
  <testcase classname="com.enertics.testcases.Sites_Applications_At_Client_Side" name="sites__application_module" time="24.864"/>
  <system-out/>
</testsuite> <!-- com.enertics.testcases.Sites_Applications_At_Client_Side -->
