<?xml version="1.0" encoding="UTF-8"?>
<!-- Generated by org.testng.reporters.JUnitReportReporter -->
<testsuite hostname="DESKTOP-BE091M6" failures="0" tests="1" name="com.enertics.testcases.Edit_User_At_Client_side" time="40.007" errors="0" timestamp="2022-02-03T14:07:52 IST" skipped="0">
  <testcase classname="com.enertics.testcases.Edit_User_At_Client_side" name="Edit_user" time="40.007"/>
  <system-out/>
</testsuite> <!-- com.enertics.testcases.Edit_User_At_Client_side -->
