<?xml version="1.0" encoding="UTF-8"?>
<!-- Generated by org.testng.reporters.JUnitReportReporter -->
<testsuite hostname="DESKTOP-BE091M6" failures="0" tests="1" name="com.enertics.testcases.Login_EndUser_Side" time="5.489" errors="0" timestamp="2022-02-09T13:23:43 IST" skipped="0">
  <testcase classname="com.enertics.testcases.Login_EndUser_Side" name="LoginToEndUser_Side" time="5.489"/>
  <system-out/>
</testsuite> <!-- com.enertics.testcases.Login_EndUser_Side -->
