<?xml version="1.0" encoding="UTF-8"?>
<!-- Generated by org.testng.reporters.JUnitReportReporter -->
<testsuite hostname="DESKTOP-BE091M6" failures="0" tests="1" name="com.enertics.testcases.EndUser_Report_module" time="6.840" errors="0" timestamp="2022-02-09T13:23:43 IST" skipped="0">
  <testcase classname="com.enertics.testcases.EndUser_Report_module" name="report_Info_EndUser_side" time="6.840"/>
  <system-out/>
</testsuite> <!-- com.enertics.testcases.EndUser_Report_module -->
