<?xml version="1.0" encoding="UTF-8"?>
<!-- Generated by org.testng.reporters.JUnitReportReporter -->
<testsuite hostname="DESKTOP-BE091M6" failures="0" tests="1" name="com.enertics.testcases.Edit_Client_Info" time="22.437" errors="0" timestamp="2022-01-24T12:22:53 IST" skipped="0">
  <testcase classname="com.enertics.testcases.Edit_Client_Info" name="edit_client_information" time="22.437"/>
  <system-out/>
</testsuite> <!-- com.enertics.testcases.Edit_Client_Info -->
