<?xml version="1.0" encoding="UTF-8"?>
<!-- Generated by org.testng.reporters.JUnitReportReporter -->
<testsuite hostname="DESKTOP-BE091M6" failures="0" tests="1" name="com.enertics.testcases.Edit_Add_User_At_Site_Application" time="20.152" errors="0" timestamp="2022-02-03T17:19:31 IST" skipped="0">
  <testcase classname="com.enertics.testcases.Edit_Add_User_At_Site_Application" name="sites__application_add_user" time="20.152"/>
  <system-out/>
</testsuite> <!-- com.enertics.testcases.Edit_Add_User_At_Site_Application -->
