<?xml version="1.0" encoding="UTF-8"?>
<!-- Generated by org.testng.reporters.JUnitReportReporter -->
<testsuite hostname="DESKTOP-BE091M6" failures="0" tests="1" name="com.enertics.testcases.Home_Module" time="16.891" errors="0" timestamp="2022-01-24T17:38:23 IST" skipped="0">
  <testcase classname="com.enertics.testcases.Home_Module" name="home_module" time="16.891"/>
  <system-out/>
</testsuite> <!-- com.enertics.testcases.Home_Module -->
