<?xml version="1.0" encoding="UTF-8"?>
<!-- Generated by org.testng.reporters.JUnitReportReporter -->
<testsuite hostname="DESKTOP-BE091M6" failures="0" tests="1" name="com.enertics.testcases.Assets_Module_EndUser_Side" time="16.625" errors="0" timestamp="2022-02-09T13:19:18 IST" skipped="0">
  <testcase classname="com.enertics.testcases.Assets_Module_EndUser_Side" name="Assets_EndUser_side" time="16.625"/>
  <system-out/>
</testsuite> <!-- com.enertics.testcases.Assets_Module_EndUser_Side -->
