<?xml version="1.0" encoding="UTF-8"?>
<!-- Generated by org.testng.reporters.JUnitReportReporter -->
<testsuite hostname="DESKTOP-BE091M6" failures="0" tests="1" name="com.enertics.testcases.Login" time="5.297" errors="0" timestamp="2022-01-27T17:03:46 IST" skipped="0">
  <testcase classname="com.enertics.testcases.Login" name="LoginToApplication" time="5.297"/>
  <system-out/>
</testsuite> <!-- com.enertics.testcases.Login -->
