<?xml version="1.0" encoding="UTF-8"?>
<!-- Generated by org.testng.reporters.JUnitReportReporter -->
<testsuite hostname="DESKTOP-BE091M6" failures="0" tests="1" name="com.enertics.testcases.Manager_side_Reports_module" time="6.853" errors="0" timestamp="2022-02-08T16:29:21 IST" skipped="0">
  <testcase classname="com.enertics.testcases.Manager_side_Reports_module" name="report_Info_manager_side" time="6.853"/>
  <system-out/>
</testsuite> <!-- com.enertics.testcases.Manager_side_Reports_module -->
