<?xml version="1.0" encoding="UTF-8"?>
<!-- Generated by org.testng.reporters.JUnitReportReporter -->
<testsuite hostname="DESKTOP-BE091M6" failures="0" tests="1" name="com.enertics.testcases.Add_Assets" time="36.665" errors="0" timestamp="2022-01-31T18:48:23 IST" skipped="0">
  <testcase classname="com.enertics.testcases.Add_Assets" name="AddAssets" time="36.665"/>
  <system-out/>
</testsuite> <!-- com.enertics.testcases.Add_Assets -->
