<?xml version="1.0" encoding="UTF-8"?>
<!-- Generated by org.testng.reporters.JUnitReportReporter -->
<testsuite hostname="DESKTOP-BE091M6" failures="0" tests="1" name="com.enertics.testcases.License_Module" time="10.780" errors="0" timestamp="2022-01-24T17:19:09 IST" skipped="0">
  <testcase classname="com.enertics.testcases.License_Module" name="add_license" time="10.780"/>
  <system-out/>
</testsuite> <!-- com.enertics.testcases.License_Module -->
