<?xml version="1.0" encoding="UTF-8"?>
<!-- Generated by org.testng.reporters.JUnitReportReporter -->
<testsuite hostname="DESKTOP-BE091M6" failures="0" tests="1" name="com.enertics.testcases.Client_module" time="21.926" errors="0" timestamp="2022-01-24T11:06:38 IST" skipped="0">
  <testcase classname="com.enertics.testcases.Client_module" name="client" time="21.926"/>
  <system-out/>
</testsuite> <!-- com.enertics.testcases.Client_module -->
